{"C:\\Users\\higor\\Desktop\\freelas\\selenium\\src\\Core\\Annotations\\Inject.ts": {"path":"C:\\Users\\higor\\Desktop\\freelas\\selenium\\src\\Core\\Annotations\\Inject.ts","statementMap":{"0":{"start":{"line":12,"column":0},"end":{"line":12,"column":47}},"1":{"start":{"line":13,"column":0},"end":{"line":13,"column":64}},"2":{"start":{"line":14,"column":0},"end":{"line":14,"column":48}},"3":{"start":{"line":15,"column":0},"end":{"line":15,"column":54}},"4":{"start":{"line":18,"column":4},"end":{"line":32,"column":null}},"5":{"start":{"line":19,"column":8},"end":{"line":22,"column":9}},"6":{"start":{"line":20,"column":31},"end":{"line":20,"column":99}},"7":{"start":{"line":21,"column":12},"end":{"line":21,"column":116}},"8":{"start":{"line":24,"column":8},"end":{"line":31,"column":null}},"9":{"start":{"line":17,"column":0},"end":{"line":17,"column":16}}},"fnMap":{"0":{"name":"Inject","decl":{"start":{"line":17,"column":16},"end":{"line":17,"column":22}},"loc":{"start":{"line":17,"column":38},"end":{"line":33,"column":1}}},"1":{"name":"(anonymous_1)","decl":{"start":{"line":18,"column":11},"end":{"line":18,"column":21}},"loc":{"start":{"line":18,"column":70},"end":{"line":32,"column":5}}}},"branchMap":{"0":{"loc":{"start":{"line":19,"column":8},"end":{"line":22,"column":9}},"type":"if","locations":[{"start":{"line":19,"column":8},"end":{"line":22,"column":9}}]},"1":{"loc":{"start":{"line":20,"column":31},"end":{"line":20,"column":99}},"type":"cond-expr","locations":[{"start":{"line":20,"column":62},"end":{"line":20,"column":73}},{"start":{"line":20,"column":76},"end":{"line":20,"column":99}}]}},"s":{"0":1,"1":1,"2":1,"3":1,"4":6,"5":6,"6":0,"7":0,"8":6,"9":1},"f":{"0":6,"1":6},"b":{"0":[0],"1":[0,0]}}
,"C:\\Users\\higor\\Desktop\\freelas\\selenium\\src\\Core\\Annotations\\Injectable.ts": {"path":"C:\\Users\\higor\\Desktop\\freelas\\selenium\\src\\Core\\Annotations\\Injectable.ts","statementMap":{"0":{"start":{"line":11,"column":0},"end":{"line":11,"column":26}},"1":{"start":{"line":12,"column":0},"end":{"line":12,"column":54}},"2":{"start":{"line":17,"column":4},"end":{"line":30,"column":null}},"3":{"start":{"line":18,"column":8},"end":{"line":20,"column":9}},"4":{"start":{"line":19,"column":12},"end":{"line":19,"column":95}},"5":{"start":{"line":22,"column":22},"end":{"line":22,"column":76}},"6":{"start":{"line":23,"column":8},"end":{"line":23,"column":72}},"7":{"start":{"line":25,"column":8},"end":{"line":27,"column":9}},"8":{"start":{"line":26,"column":12},"end":{"line":26,"column":81}},"9":{"start":{"line":29,"column":8},"end":{"line":29,"column":22}},"10":{"start":{"line":16,"column":0},"end":{"line":16,"column":16}}},"fnMap":{"0":{"name":"Injectable","decl":{"start":{"line":16,"column":16},"end":{"line":16,"column":26}},"loc":{"start":{"line":16,"column":66},"end":{"line":31,"column":1}}},"1":{"name":"(anonymous_1)","decl":{"start":{"line":17,"column":11},"end":{"line":17,"column":12}},"loc":{"start":{"line":17,"column":27},"end":{"line":30,"column":5}}}},"branchMap":{"0":{"loc":{"start":{"line":16,"column":27},"end":{"line":16,"column":66}},"type":"default-arg","locations":[{"start":{"line":16,"column":62},"end":{"line":16,"column":66}}]},"1":{"loc":{"start":{"line":18,"column":8},"end":{"line":20,"column":9}},"type":"if","locations":[{"start":{"line":18,"column":8},"end":{"line":20,"column":9}}]},"2":{"loc":{"start":{"line":22,"column":22},"end":{"line":22,"column":76}},"type":"binary-expr","locations":[{"start":{"line":22,"column":22},"end":{"line":22,"column":70}},{"start":{"line":22,"column":74},"end":{"line":22,"column":76}}]},"3":{"loc":{"start":{"line":25,"column":8},"end":{"line":27,"column":9}},"type":"if","locations":[{"start":{"line":25,"column":8},"end":{"line":27,"column":9}}]}},"s":{"0":1,"1":1,"2":9,"3":9,"4":0,"5":9,"6":9,"7":9,"8":0,"9":9,"10":1},"f":{"0":9,"1":9},"b":{"0":[9],"1":[0],"2":[9,2],"3":[0]}}
,"C:\\Users\\higor\\Desktop\\freelas\\selenium\\src\\Core\\Annotations\\Metadata.ts": {"path":"C:\\Users\\higor\\Desktop\\freelas\\selenium\\src\\Core\\Annotations\\Metadata.ts","statementMap":{"0":{"start":{"line":13,"column":0},"end":{"line":13,"column":54}},"1":{"start":{"line":20,"column":15},"end":{"line":20,"column":44}},"2":{"start":{"line":21,"column":15},"end":{"line":21,"column":25}},"3":{"start":{"line":26,"column":8},"end":{"line":30,"column":9}},"4":{"start":{"line":27,"column":12},"end":{"line":27,"column":64}},"5":{"start":{"line":29,"column":12},"end":{"line":29,"column":90}},"6":{"start":{"line":15,"column":0},"end":{"line":15,"column":13}}},"fnMap":{"0":{"name":"(anonymous_0)","decl":{"start":{"line":19,"column":4},"end":{"line":19,"column":null}},"loc":{"start":{"line":21,"column":25},"end":{"line":23,"column":5}}},"1":{"name":"(anonymous_1)","decl":{"start":{"line":25,"column":4},"end":{"line":25,"column":12}},"loc":{"start":{"line":25,"column":12},"end":{"line":31,"column":5}}}},"branchMap":{"0":{"loc":{"start":{"line":26,"column":8},"end":{"line":30,"column":9}},"type":"if","locations":[{"start":{"line":26,"column":8},"end":{"line":30,"column":9}},{"start":{"line":28,"column":15},"end":{"line":30,"column":9}}]}},"s":{"0":1,"1":6,"2":6,"3":0,"4":0,"5":0,"6":1},"f":{"0":6,"1":0},"b":{"0":[0,0]}}
,"C:\\Users\\higor\\Desktop\\freelas\\selenium\\src\\Core\\Annotations\\index.ts": {"path":"C:\\Users\\higor\\Desktop\\freelas\\selenium\\src\\Core\\Annotations\\index.ts","statementMap":{"0":{"start":{"line":11,"column":0},"end":{"line":11,"column":29}}},"fnMap":{},"branchMap":{},"s":{"0":1},"f":{},"b":{}}
,"C:\\Users\\higor\\Desktop\\freelas\\selenium\\src\\Core\\Annotations\\Constants\\MetadataTypes.ts": {"path":"C:\\Users\\higor\\Desktop\\freelas\\selenium\\src\\Core\\Annotations\\Constants\\MetadataTypes.ts","statementMap":{"0":{"start":{"line":11,"column":0},"end":{"line":11,"column":null}},"1":{"start":{"line":12,"column":4},"end":{"line":12,"column":null}},"2":{"start":{"line":13,"column":4},"end":{"line":13,"column":null}},"3":{"start":{"line":14,"column":4},"end":{"line":14,"column":null}},"4":{"start":{"line":15,"column":4},"end":{"line":15,"column":null}},"5":{"start":{"line":16,"column":4},"end":{"line":16,"column":null}},"6":{"start":{"line":17,"column":4},"end":{"line":17,"column":null}},"7":{"start":{"line":18,"column":4},"end":{"line":18,"column":null}},"8":{"start":{"line":19,"column":4},"end":{"line":19,"column":null}},"9":{"start":{"line":20,"column":4},"end":{"line":20,"column":null}},"10":{"start":{"line":21,"column":4},"end":{"line":21,"column":null}}},"fnMap":{"0":{"name":"(anonymous_0)","decl":{"start":{"line":11,"column":0},"end":{"line":11,"column":12}},"loc":{"start":{"line":11,"column":25},"end":{"line":22,"column":1}}}},"branchMap":{"0":{"loc":{"start":{"line":11,"column":12},"end":{"line":11,"column":null}},"type":"binary-expr","locations":[{"start":{"line":11,"column":12},"end":{"line":11,"column":25}},{"start":{"line":11,"column":25},"end":{"line":11,"column":null}}]}},"s":{"0":1,"1":1,"2":1,"3":1,"4":1,"5":1,"6":1,"7":1,"8":1,"9":1,"10":1},"f":{"0":1},"b":{"0":[1,1]}}
,"C:\\Users\\higor\\Desktop\\freelas\\selenium\\src\\Core\\Annotations\\Constants\\index.ts": {"path":"C:\\Users\\higor\\Desktop\\freelas\\selenium\\src\\Core\\Annotations\\Constants\\index.ts","statementMap":{"0":{"start":{"line":11,"column":0},"end":{"line":11,"column":32}}},"fnMap":{},"branchMap":{},"s":{"0":1},"f":{},"b":{}}
,"C:\\Users\\higor\\Desktop\\freelas\\selenium\\src\\Core\\Annotations\\Utils\\MetadataUtils.ts": {"path":"C:\\Users\\higor\\Desktop\\freelas\\selenium\\src\\Core\\Annotations\\Utils\\MetadataUtils.ts","statementMap":{"0":{"start":{"line":10,"column":0},"end":{"line":10,"column":26}},"1":{"start":{"line":13,"column":0},"end":{"line":13,"column":35}},"2":{"start":{"line":15,"column":0},"end":{"line":15,"column":38}},"3":{"start":{"line":16,"column":0},"end":{"line":16,"column":54}},"4":{"start":{"line":21,"column":8},"end":{"line":27,"column":9}},"5":{"start":{"line":22,"column":12},"end":{"line":24,"column":13}},"6":{"start":{"line":22,"column":51},"end":{"line":22,"column":56}},"7":{"start":{"line":23,"column":16},"end":{"line":23,"column":142}},"8":{"start":{"line":26,"column":12},"end":{"line":26,"column":34}},"9":{"start":{"line":28,"column":8},"end":{"line":28,"column":24}},"10":{"start":{"line":37,"column":26},"end":{"line":37,"column":70}},"11":{"start":{"line":38,"column":93},"end":{"line":38,"column":95}},"12":{"start":{"line":40,"column":8},"end":{"line":42,"column":9}},"13":{"start":{"line":41,"column":12},"end":{"line":41,"column":82}},"14":{"start":{"line":44,"column":55},"end":{"line":44,"column":102}},"15":{"start":{"line":46,"column":8},"end":{"line":52,"column":9}},"16":{"start":{"line":47,"column":12},"end":{"line":51,"column":13}},"17":{"start":{"line":48,"column":16},"end":{"line":50,"column":17}},"18":{"start":{"line":48,"column":40},"end":{"line":48,"column":58}},"19":{"start":{"line":49,"column":20},"end":{"line":49,"column":171}},"20":{"start":{"line":55,"column":8},"end":{"line":55,"column":51}},"21":{"start":{"line":56,"column":8},"end":{"line":56,"column":66}},"22":{"start":{"line":57,"column":8},"end":{"line":57,"column":80}},"23":{"start":{"line":61,"column":8},"end":{"line":63,"column":9}},"24":{"start":{"line":62,"column":12},"end":{"line":62,"column":131}},"25":{"start":{"line":72,"column":8},"end":{"line":72,"column":51}},"26":{"start":{"line":73,"column":8},"end":{"line":73,"column":113}},"27":{"start":{"line":81,"column":8},"end":{"line":83,"column":9}},"28":{"start":{"line":82,"column":12},"end":{"line":82,"column":126}},"29":{"start":{"line":85,"column":8},"end":{"line":85,"column":108}},"30":{"start":{"line":91,"column":8},"end":{"line":101,"column":10}},"31":{"start":{"line":96,"column":12},"end":{"line":100,"column":13}},"32":{"start":{"line":97,"column":16},"end":{"line":97,"column":99}},"33":{"start":{"line":99,"column":16},"end":{"line":99,"column":90}},"34":{"start":{"line":18,"column":0},"end":{"line":18,"column":13}}},"fnMap":{"0":{"name":"(anonymous_0)","decl":{"start":{"line":20,"column":14},"end":{"line":20,"column":20}},"loc":{"start":{"line":20,"column":87},"end":{"line":29,"column":5}}},"1":{"name":"(anonymous_1)","decl":{"start":{"line":22,"column":46},"end":{"line":22,"column":47}},"loc":{"start":{"line":22,"column":51},"end":{"line":22,"column":56}}},"2":{"name":"(anonymous_2)","decl":{"start":{"line":31,"column":14},"end":{"line":31,"column":20}},"loc":{"start":{"line":35,"column":44},"end":{"line":58,"column":5}}},"3":{"name":"(anonymous_3)","decl":{"start":{"line":48,"column":35},"end":{"line":48,"column":36}},"loc":{"start":{"line":48,"column":40},"end":{"line":48,"column":58}}},"4":{"name":"(anonymous_4)","decl":{"start":{"line":60,"column":14},"end":{"line":60,"column":20}},"loc":{"start":{"line":60,"column":79},"end":{"line":64,"column":5}}},"5":{"name":"(anonymous_5)","decl":{"start":{"line":66,"column":11},"end":{"line":66,"column":17}},"loc":{"start":{"line":70,"column":44},"end":{"line":74,"column":5}}},"6":{"name":"(anonymous_6)","decl":{"start":{"line":76,"column":11},"end":{"line":76,"column":17}},"loc":{"start":{"line":79,"column":44},"end":{"line":86,"column":5}}},"7":{"name":"(anonymous_7)","decl":{"start":{"line":88,"column":11},"end":{"line":88,"column":17}},"loc":{"start":{"line":89,"column":44},"end":{"line":102,"column":5}}},"8":{"name":"(anonymous_8)","decl":{"start":{"line":91,"column":15},"end":{"line":91,"column":null}},"loc":{"start":{"line":95,"column":12},"end":{"line":101,"column":9}}}},"branchMap":{"0":{"loc":{"start":{"line":21,"column":8},"end":{"line":27,"column":9}},"type":"if","locations":[{"start":{"line":21,"column":8},"end":{"line":27,"column":9}},{"start":{"line":25,"column":15},"end":{"line":27,"column":9}}]},"1":{"loc":{"start":{"line":22,"column":12},"end":{"line":24,"column":13}},"type":"if","locations":[{"start":{"line":22,"column":12},"end":{"line":24,"column":13}}]},"2":{"loc":{"start":{"line":40,"column":8},"end":{"line":42,"column":9}},"type":"if","locations":[{"start":{"line":40,"column":8},"end":{"line":42,"column":9}}]},"3":{"loc":{"start":{"line":44,"column":55},"end":{"line":44,"column":102}},"type":"cond-expr","locations":[{"start":{"line":44,"column":96},"end":{"line":44,"column":100}},{"start":{"line":44,"column":100},"end":{"line":44,"column":102}}]},"4":{"loc":{"start":{"line":44,"column":55},"end":{"line":44,"column":100}},"type":"binary-expr","locations":[{"start":{"line":44,"column":55},"end":{"line":44,"column":100}},{"start":{"line":44,"column":96},"end":{"line":44,"column":100}}]},"5":{"loc":{"start":{"line":46,"column":8},"end":{"line":52,"column":9}},"type":"if","locations":[{"start":{"line":46,"column":8},"end":{"line":52,"column":9}}]},"6":{"loc":{"start":{"line":48,"column":16},"end":{"line":50,"column":17}},"type":"if","locations":[{"start":{"line":48,"column":16},"end":{"line":50,"column":17}}]},"7":{"loc":{"start":{"line":61,"column":8},"end":{"line":63,"column":9}},"type":"if","locations":[{"start":{"line":61,"column":8},"end":{"line":63,"column":9}}]},"8":{"loc":{"start":{"line":81,"column":8},"end":{"line":83,"column":9}},"type":"if","locations":[{"start":{"line":81,"column":8},"end":{"line":83,"column":9}}]},"9":{"loc":{"start":{"line":96,"column":12},"end":{"line":100,"column":13}},"type":"if","locations":[{"start":{"line":96,"column":12},"end":{"line":100,"column":13}},{"start":{"line":98,"column":19},"end":{"line":100,"column":13}}]}},"s":{"0":1,"1":1,"2":1,"3":1,"4":6,"5":0,"6":0,"7":0,"8":6,"9":6,"10":6,"11":6,"12":6,"13":0,"14":6,"15":6,"16":0,"17":0,"18":0,"19":0,"20":6,"21":6,"22":6,"23":6,"24":0,"25":6,"26":6,"27":0,"28":0,"29":0,"30":6,"31":6,"32":6,"33":0,"34":1},"f":{"0":6,"1":0,"2":6,"3":0,"4":6,"5":6,"6":0,"7":6,"8":6},"b":{"0":[0,6],"1":[0],"2":[0],"3":[0,6],"4":[6,6],"5":[0],"6":[0],"7":[0],"8":[0],"9":[6,0]}}
,"C:\\Users\\higor\\Desktop\\freelas\\selenium\\src\\Core\\Container\\Binding.ts": {"path":"C:\\Users\\higor\\Desktop\\freelas\\selenium\\src\\Core\\Container\\Binding.ts","statementMap":{"0":{"start":{"line":25,"column":15},"end":{"line":25,"column":40}},"1":{"start":{"line":17,"column":11},"end":{"line":17,"column":48}},"2":{"start":{"line":20,"column":11},"end":{"line":20,"column":38}},"3":{"start":{"line":21,"column":11},"end":{"line":21,"column":46}},"4":{"start":{"line":22,"column":11},"end":{"line":22,"column":51}},"5":{"start":{"line":15,"column":0},"end":{"line":15,"column":13}}},"fnMap":{"0":{"name":"(anonymous_0)","decl":{"start":{"line":24,"column":4},"end":{"line":24,"column":null}},"loc":{"start":{"line":25,"column":40},"end":{"line":27,"column":5}}}},"branchMap":{},"s":{"0":15,"1":15,"2":15,"3":15,"4":15,"5":1},"f":{"0":15},"b":{}}
,"C:\\Users\\higor\\Desktop\\freelas\\selenium\\src\\Core\\Container\\Container.ts": {"path":"C:\\Users\\higor\\Desktop\\freelas\\selenium\\src\\Core\\Container\\Container.ts","statementMap":{"0":{"start":{"line":11,"column":0},"end":{"line":11,"column":26}},"1":{"start":{"line":15,"column":0},"end":{"line":15,"column":69}},"2":{"start":{"line":16,"column":0},"end":{"line":16,"column":65}},"3":{"start":{"line":17,"column":0},"end":{"line":17,"column":44}},"4":{"start":{"line":18,"column":0},"end":{"line":18,"column":38}},"5":{"start":{"line":19,"column":0},"end":{"line":19,"column":30}},"6":{"start":{"line":20,"column":0},"end":{"line":20,"column":54}},"7":{"start":{"line":32,"column":14},"end":{"line":32,"column":58}},"8":{"start":{"line":35,"column":8},"end":{"line":35,"column":73}},"9":{"start":{"line":36,"column":8},"end":{"line":36,"column":66}},"10":{"start":{"line":37,"column":8},"end":{"line":37,"column":23}},"11":{"start":{"line":38,"column":8},"end":{"line":38,"column":51}},"12":{"start":{"line":39,"column":8},"end":{"line":39,"column":29}},"13":{"start":{"line":43,"column":8},"end":{"line":43,"column":33}},"14":{"start":{"line":47,"column":8},"end":{"line":47,"column":34}},"15":{"start":{"line":51,"column":8},"end":{"line":53,"column":9}},"16":{"start":{"line":52,"column":12},"end":{"line":52,"column":45}},"17":{"start":{"line":54,"column":8},"end":{"line":54,"column":30}},"18":{"start":{"line":58,"column":8},"end":{"line":60,"column":9}},"19":{"start":{"line":59,"column":12},"end":{"line":59,"column":76}},"20":{"start":{"line":62,"column":8},"end":{"line":62,"column":42}},"21":{"start":{"line":66,"column":8},"end":{"line":68,"column":null}},"22":{"start":{"line":76,"column":8},"end":{"line":90,"column":9}},"23":{"start":{"line":78,"column":31},"end":{"line":78,"column":86}},"24":{"start":{"line":79,"column":12},"end":{"line":79,"column":49}},"25":{"start":{"line":83,"column":12},"end":{"line":83,"column":68}},"26":{"start":{"line":86,"column":12},"end":{"line":86,"column":34}},"27":{"start":{"line":88,"column":12},"end":{"line":88,"column":47}},"28":{"start":{"line":89,"column":12},"end":{"line":89,"column":55}},"29":{"start":{"line":92,"column":8},"end":{"line":92,"column":68}},"30":{"start":{"line":94,"column":8},"end":{"line":94,"column":45}},"31":{"start":{"line":95,"column":8},"end":{"line":95,"column":23}},"32":{"start":{"line":99,"column":8},"end":{"line":99,"column":43}},"33":{"start":{"line":103,"column":8},"end":{"line":105,"column":10}},"34":{"start":{"line":109,"column":8},"end":{"line":111,"column":17}},"35":{"start":{"line":119,"column":8},"end":{"line":121,"column":9}},"36":{"start":{"line":120,"column":12},"end":{"line":120,"column":70}},"37":{"start":{"line":123,"column":8},"end":{"line":123,"column":39}},"38":{"start":{"line":125,"column":28},"end":{"line":126,"column":29}},"39":{"start":{"line":128,"column":8},"end":{"line":132,"column":9}},"40":{"start":{"line":129,"column":12},"end":{"line":129,"column":34}},"41":{"start":{"line":131,"column":12},"end":{"line":131,"column":89}},"42":{"start":{"line":134,"column":29},"end":{"line":134,"column":99}},"43":{"start":{"line":136,"column":23},"end":{"line":136,"column":55}},"44":{"start":{"line":138,"column":8},"end":{"line":138,"column":30}},"45":{"start":{"line":140,"column":8},"end":{"line":140,"column":22}},"46":{"start":{"line":144,"column":8},"end":{"line":149,"column":9}},"47":{"start":{"line":146,"column":16},"end":{"line":146,"column":56}},"48":{"start":{"line":148,"column":16},"end":{"line":148,"column":28}},"49":{"start":{"line":153,"column":21},"end":{"line":153,"column":25}},"50":{"start":{"line":155,"column":8},"end":{"line":160,"column":9}},"51":{"start":{"line":156,"column":12},"end":{"line":156,"column":49}},"52":{"start":{"line":157,"column":12},"end":{"line":159,"column":13}},"53":{"start":{"line":158,"column":16},"end":{"line":158,"column":22}},"54":{"start":{"line":162,"column":8},"end":{"line":162,"column":22}},"55":{"start":{"line":166,"column":25},"end":{"line":166,"column":86}},"56":{"start":{"line":167,"column":25},"end":{"line":167,"column":82}},"57":{"start":{"line":168,"column":27},"end":{"line":168,"column":29}},"58":{"start":{"line":170,"column":8},"end":{"line":178,"column":9}},"59":{"start":{"line":170,"column":21},"end":{"line":170,"column":22}},"60":{"start":{"line":172,"column":12},"end":{"line":175,"column":13}},"61":{"start":{"line":173,"column":16},"end":{"line":173,"column":72}},"62":{"start":{"line":174,"column":16},"end":{"line":174,"column":25}},"63":{"start":{"line":177,"column":12},"end":{"line":177,"column":59}},"64":{"start":{"line":180,"column":8},"end":{"line":180,"column":26}},"65":{"start":{"line":184,"column":8},"end":{"line":184,"column":94}},"66":{"start":{"line":188,"column":8},"end":{"line":206,"column":9}},"67":{"start":{"line":191,"column":34},"end":{"line":191,"column":41}},"68":{"start":{"line":192,"column":16},"end":{"line":192,"column":62}},"69":{"start":{"line":194,"column":16},"end":{"line":194,"column":39}},"70":{"start":{"line":196,"column":16},"end":{"line":198,"column":51}},"71":{"start":{"line":200,"column":34},"end":{"line":200,"column":41}},"72":{"start":{"line":201,"column":16},"end":{"line":201,"column":62}},"73":{"start":{"line":203,"column":16},"end":{"line":203,"column":74}},"74":{"start":{"line":205,"column":16},"end":{"line":205,"column":81}},"75":{"start":{"line":210,"column":8},"end":{"line":215,"column":9}},"76":{"start":{"line":211,"column":12},"end":{"line":213,"column":13}},"77":{"start":{"line":212,"column":16},"end":{"line":212,"column":38}},"78":{"start":{"line":214,"column":12},"end":{"line":214,"column":64}},"79":{"start":{"line":216,"column":8},"end":{"line":216,"column":43}},"80":{"start":{"line":220,"column":22},"end":{"line":220,"column":48}},"81":{"start":{"line":221,"column":24},"end":{"line":221,"column":46}},"82":{"start":{"line":223,"column":8},"end":{"line":225,"column":9}},"83":{"start":{"line":224,"column":12},"end":{"line":224,"column":86}},"84":{"start":{"line":227,"column":8},"end":{"line":227,"column":29}},"85":{"start":{"line":229,"column":23},"end":{"line":229,"column":51}},"86":{"start":{"line":230,"column":25},"end":{"line":230,"column":41}},"87":{"start":{"line":232,"column":8},"end":{"line":232,"column":44}},"88":{"start":{"line":234,"column":8},"end":{"line":234,"column":24}},"89":{"start":{"line":236,"column":8},"end":{"line":236,"column":22}},"90":{"start":{"line":240,"column":8},"end":{"line":240,"column":null}},"91":{"start":{"line":23,"column":0},"end":{"line":23,"column":13}},"92":{"start":{"line":26,"column":21},"end":{"line":26,"column":62}}},"fnMap":{"0":{"name":"(anonymous_0)","decl":{"start":{"line":34,"column":4},"end":{"line":34,"column":null}},"loc":{"start":{"line":34,"column":4},"end":{"line":40,"column":5}}},"1":{"name":"(anonymous_1)","decl":{"start":{"line":42,"column":11},"end":{"line":42,"column":26}},"loc":{"start":{"line":42,"column":26},"end":{"line":44,"column":5}}},"2":{"name":"(anonymous_2)","decl":{"start":{"line":46,"column":11},"end":{"line":46,"column":26}},"loc":{"start":{"line":46,"column":46},"end":{"line":48,"column":5}}},"3":{"name":"(anonymous_3)","decl":{"start":{"line":50,"column":11},"end":{"line":50,"column":17}},"loc":{"start":{"line":50,"column":29},"end":{"line":55,"column":5}}},"4":{"name":"(anonymous_4)","decl":{"start":{"line":57,"column":11},"end":{"line":57,"column":16}},"loc":{"start":{"line":57,"column":67},"end":{"line":63,"column":5}}},"5":{"name":"(anonymous_5)","decl":{"start":{"line":65,"column":14},"end":{"line":65,"column":22}},"loc":{"start":{"line":65,"column":49},"end":{"line":69,"column":5}}},"6":{"name":"(anonymous_6)","decl":{"start":{"line":71,"column":11},"end":{"line":71,"column":15}},"loc":{"start":{"line":71,"column":42},"end":{"line":96,"column":5}}},"7":{"name":"(anonymous_7)","decl":{"start":{"line":98,"column":11},"end":{"line":98,"column":14}},"loc":{"start":{"line":98,"column":35},"end":{"line":100,"column":5}}},"8":{"name":"(anonymous_8)","decl":{"start":{"line":102,"column":14},"end":{"line":102,"column":25}},"loc":{"start":{"line":102,"column":52},"end":{"line":106,"column":5}}},"9":{"name":"(anonymous_9)","decl":{"start":{"line":108,"column":14},"end":{"line":108,"column":38}},"loc":{"start":{"line":108,"column":38},"end":{"line":112,"column":5}}},"10":{"name":"(anonymous_10)","decl":{"start":{"line":114,"column":14},"end":{"line":114,"column":19}},"loc":{"start":{"line":114,"column":46},"end":{"line":141,"column":5}}},"11":{"name":"(anonymous_11)","decl":{"start":{"line":143,"column":14},"end":{"line":143,"column":30}},"loc":{"start":{"line":143,"column":49},"end":{"line":150,"column":5}}},"12":{"name":"(anonymous_12)","decl":{"start":{"line":152,"column":14},"end":{"line":152,"column":34}},"loc":{"start":{"line":152,"column":55},"end":{"line":163,"column":5}}},"13":{"name":"(anonymous_13)","decl":{"start":{"line":165,"column":14},"end":{"line":165,"column":30}},"loc":{"start":{"line":165,"column":70},"end":{"line":181,"column":5}}},"14":{"name":"(anonymous_14)","decl":{"start":{"line":183,"column":14},"end":{"line":183,"column":24}},"loc":{"start":{"line":183,"column":51},"end":{"line":185,"column":5}}},"15":{"name":"(anonymous_15)","decl":{"start":{"line":187,"column":14},"end":{"line":187,"column":27}},"loc":{"start":{"line":187,"column":50},"end":{"line":207,"column":5}}},"16":{"name":"(anonymous_16)","decl":{"start":{"line":209,"column":14},"end":{"line":209,"column":28}},"loc":{"start":{"line":209,"column":51},"end":{"line":217,"column":5}}},"17":{"name":"(anonymous_17)","decl":{"start":{"line":219,"column":11},"end":{"line":219,"column":18}},"loc":{"start":{"line":219,"column":61},"end":{"line":237,"column":5}}},"18":{"name":"(anonymous_18)","decl":{"start":{"line":239,"column":11},"end":{"line":239,"column":15}},"loc":{"start":{"line":239,"column":42},"end":{"line":241,"column":5}}}},"branchMap":{"0":{"loc":{"start":{"line":51,"column":8},"end":{"line":53,"column":9}},"type":"if","locations":[{"start":{"line":51,"column":8},"end":{"line":53,"column":9}}]},"1":{"loc":{"start":{"line":58,"column":8},"end":{"line":60,"column":9}},"type":"if","locations":[{"start":{"line":58,"column":8},"end":{"line":60,"column":9}}]},"2":{"loc":{"start":{"line":66,"column":15},"end":{"line":68,"column":22}},"type":"cond-expr","locations":[{"start":{"line":67,"column":14},"end":{"line":67,"column":75}},{"start":{"line":68,"column":14},"end":{"line":68,"column":22}}]},"3":{"loc":{"start":{"line":76,"column":8},"end":{"line":90,"column":9}},"type":"if","locations":[{"start":{"line":76,"column":8},"end":{"line":90,"column":9}},{"start":{"line":87,"column":15},"end":{"line":90,"column":9}}]},"4":{"loc":{"start":{"line":76,"column":12},"end":{"line":76,"column":98}},"type":"binary-expr","locations":[{"start":{"line":76,"column":12},"end":{"line":76,"column":36}},{"start":{"line":76,"column":40},"end":{"line":76,"column":98}}]},"5":{"loc":{"start":{"line":92,"column":24},"end":{"line":92,"column":67}},"type":"cond-expr","locations":[{"start":{"line":92,"column":41},"end":{"line":92,"column":45}},{"start":{"line":92,"column":45},"end":{"line":92,"column":67}}]},"6":{"loc":{"start":{"line":92,"column":24},"end":{"line":92,"column":45}},"type":"binary-expr","locations":[{"start":{"line":92,"column":24},"end":{"line":92,"column":45}},{"start":{"line":92,"column":41},"end":{"line":92,"column":45}}]},"7":{"loc":{"start":{"line":103,"column":15},"end":{"line":104,"column":null}},"type":"binary-expr","locations":[{"start":{"line":103,"column":15},"end":{"line":103,"column":51}},{"start":{"line":104,"column":12},"end":{"line":104,"column":30}},{"start":{"line":104,"column":34},"end":{"line":104,"column":95}}]},"8":{"loc":{"start":{"line":109,"column":15},"end":{"line":111,"column":16}},"type":"cond-expr","locations":[{"start":{"line":110,"column":14},"end":{"line":110,"column":45}},{"start":{"line":111,"column":14},"end":{"line":111,"column":16}}]},"9":{"loc":{"start":{"line":119,"column":8},"end":{"line":121,"column":9}},"type":"if","locations":[{"start":{"line":119,"column":8},"end":{"line":121,"column":9}}]},"10":{"loc":{"start":{"line":125,"column":28},"end":{"line":126,"column":29}},"type":"cond-expr","locations":[{"start":{"line":126,"column":14},"end":{"line":126,"column":22}},{"start":{"line":126,"column":25},"end":{"line":126,"column":29}}]},"11":{"loc":{"start":{"line":128,"column":8},"end":{"line":132,"column":9}},"type":"if","locations":[{"start":{"line":128,"column":8},"end":{"line":132,"column":9}}]},"12":{"loc":{"start":{"line":144,"column":8},"end":{"line":149,"column":9}},"type":"switch","locations":[{"start":{"line":145,"column":12},"end":{"line":146,"column":56}},{"start":{"line":147,"column":12},"end":{"line":148,"column":28}}]},"13":{"loc":{"start":{"line":157,"column":12},"end":{"line":159,"column":13}},"type":"if","locations":[{"start":{"line":157,"column":12},"end":{"line":159,"column":13}}]},"14":{"loc":{"start":{"line":166,"column":25},"end":{"line":166,"column":86}},"type":"cond-expr","locations":[{"start":{"line":166,"column":80},"end":{"line":166,"column":84}},{"start":{"line":166,"column":84},"end":{"line":166,"column":86}}]},"15":{"loc":{"start":{"line":166,"column":25},"end":{"line":166,"column":84}},"type":"binary-expr","locations":[{"start":{"line":166,"column":25},"end":{"line":166,"column":84}},{"start":{"line":166,"column":80},"end":{"line":166,"column":84}}]},"16":{"loc":{"start":{"line":167,"column":25},"end":{"line":167,"column":82}},"type":"cond-expr","locations":[{"start":{"line":167,"column":76},"end":{"line":167,"column":80}},{"start":{"line":167,"column":80},"end":{"line":167,"column":82}}]},"17":{"loc":{"start":{"line":167,"column":25},"end":{"line":167,"column":80}},"type":"binary-expr","locations":[{"start":{"line":167,"column":25},"end":{"line":167,"column":80}},{"start":{"line":167,"column":76},"end":{"line":167,"column":80}}]},"18":{"loc":{"start":{"line":172,"column":12},"end":{"line":175,"column":13}},"type":"if","locations":[{"start":{"line":172,"column":12},"end":{"line":175,"column":13}}]},"19":{"loc":{"start":{"line":184,"column":15},"end":{"line":184,"column":93}},"type":"cond-expr","locations":[{"start":{"line":184,"column":45},"end":{"line":184,"column":86}},{"start":{"line":184,"column":89},"end":{"line":184,"column":93}}]},"20":{"loc":{"start":{"line":188,"column":8},"end":{"line":206,"column":9}},"type":"switch","locations":[{"start":{"line":189,"column":12},"end":{"line":189,"column":36}},{"start":{"line":190,"column":12},"end":{"line":194,"column":39}},{"start":{"line":195,"column":12},"end":{"line":198,"column":51}},{"start":{"line":199,"column":12},"end":{"line":203,"column":74}},{"start":{"line":204,"column":12},"end":{"line":205,"column":81}}]},"21":{"loc":{"start":{"line":196,"column":23},"end":{"line":198,"column":50}},"type":"cond-expr","locations":[{"start":{"line":197,"column":20},"end":{"line":197,"column":51}},{"start":{"line":198,"column":20},"end":{"line":198,"column":50}}]},"22":{"loc":{"start":{"line":210,"column":8},"end":{"line":215,"column":9}},"type":"if","locations":[{"start":{"line":210,"column":8},"end":{"line":215,"column":9}}]},"23":{"loc":{"start":{"line":211,"column":12},"end":{"line":213,"column":13}},"type":"if","locations":[{"start":{"line":211,"column":12},"end":{"line":213,"column":13}}]},"24":{"loc":{"start":{"line":223,"column":8},"end":{"line":225,"column":9}},"type":"if","locations":[{"start":{"line":223,"column":8},"end":{"line":225,"column":9}}]}},"s":{"0":1,"1":1,"2":1,"3":1,"4":1,"5":1,"6":1,"7":1,"8":1,"9":1,"10":1,"11":1,"12":1,"13":0,"14":0,"15":7,"16":1,"17":7,"18":0,"19":0,"20":0,"21":42,"22":15,"23":0,"24":0,"25":0,"26":0,"27":15,"28":15,"29":15,"30":15,"31":15,"32":0,"33":16,"34":19,"35":16,"36":0,"37":16,"38":16,"39":16,"40":0,"41":0,"42":16,"43":16,"44":16,"45":16,"46":11,"47":11,"48":0,"49":11,"50":11,"51":11,"52":11,"53":11,"54":11,"55":16,"56":16,"57":16,"58":16,"59":16,"60":11,"61":11,"62":11,"63":0,"64":16,"65":26,"66":23,"67":4,"68":4,"69":4,"70":16,"71":3,"72":3,"73":3,"74":0,"75":26,"76":6,"77":3,"78":3,"79":20,"80":26,"81":26,"82":26,"83":0,"84":26,"85":26,"86":26,"87":26,"88":26,"89":26,"90":15,"91":1,"92":1},"f":{"0":1,"1":0,"2":0,"3":7,"4":0,"5":42,"6":15,"7":0,"8":16,"9":19,"10":16,"11":11,"12":11,"13":16,"14":26,"15":23,"16":26,"17":26,"18":15},"b":{"0":[1],"1":[0],"2":[0,42],"3":[0,15],"4":[15,7],"5":[0,15],"6":[15,0],"7":[16,0,0],"8":[19,0],"9":[0],"10":[16,0],"11":[0],"12":[11,0],"13":[11],"14":[14,2],"15":[16,16],"16":[11,5],"17":[16,16],"18":[11],"19":[26,0],"20":[2,4,16,3,0],"21":[16,0],"22":[6],"23":[3],"24":[0]}}
,"C:\\Users\\higor\\Desktop\\freelas\\selenium\\src\\Core\\Container\\Constants\\BindingScope.ts": {"path":"C:\\Users\\higor\\Desktop\\freelas\\selenium\\src\\Core\\Container\\Constants\\BindingScope.ts","statementMap":{"0":{"start":{"line":11,"column":0},"end":{"line":11,"column":null}},"1":{"start":{"line":12,"column":4},"end":{"line":12,"column":null}},"2":{"start":{"line":13,"column":4},"end":{"line":13,"column":null}}},"fnMap":{"0":{"name":"(anonymous_0)","decl":{"start":{"line":11,"column":0},"end":{"line":11,"column":12}},"loc":{"start":{"line":11,"column":24},"end":{"line":14,"column":1}}}},"branchMap":{"0":{"loc":{"start":{"line":11,"column":12},"end":{"line":11,"column":null}},"type":"binary-expr","locations":[{"start":{"line":11,"column":12},"end":{"line":11,"column":24}},{"start":{"line":11,"column":24},"end":{"line":11,"column":null}}]}},"s":{"0":1,"1":1,"2":1},"f":{"0":1},"b":{"0":[1,1]}}
,"C:\\Users\\higor\\Desktop\\freelas\\selenium\\src\\Core\\Container\\Constants\\BindingTypes.ts": {"path":"C:\\Users\\higor\\Desktop\\freelas\\selenium\\src\\Core\\Container\\Constants\\BindingTypes.ts","statementMap":{"0":{"start":{"line":11,"column":0},"end":{"line":11,"column":null}},"1":{"start":{"line":12,"column":4},"end":{"line":12,"column":null}},"2":{"start":{"line":13,"column":4},"end":{"line":13,"column":null}},"3":{"start":{"line":14,"column":4},"end":{"line":14,"column":null}},"4":{"start":{"line":15,"column":4},"end":{"line":15,"column":null}},"5":{"start":{"line":16,"column":4},"end":{"line":16,"column":null}}},"fnMap":{"0":{"name":"(anonymous_0)","decl":{"start":{"line":11,"column":0},"end":{"line":11,"column":12}},"loc":{"start":{"line":11,"column":24},"end":{"line":17,"column":1}}}},"branchMap":{"0":{"loc":{"start":{"line":11,"column":12},"end":{"line":11,"column":null}},"type":"binary-expr","locations":[{"start":{"line":11,"column":12},"end":{"line":11,"column":24}},{"start":{"line":11,"column":24},"end":{"line":11,"column":null}}]}},"s":{"0":1,"1":1,"2":1,"3":1,"4":1,"5":1},"f":{"0":1},"b":{"0":[1,1]}}
,"C:\\Users\\higor\\Desktop\\freelas\\selenium\\src\\Core\\Container\\Constants\\index.ts": {"path":"C:\\Users\\higor\\Desktop\\freelas\\selenium\\src\\Core\\Container\\Constants\\index.ts","statementMap":{"0":{"start":{"line":11,"column":0},"end":{"line":11,"column":31}},"1":{"start":{"line":12,"column":0},"end":{"line":12,"column":31}}},"fnMap":{},"branchMap":{},"s":{"0":1,"1":1},"f":{},"b":{}}
,"C:\\Users\\higor\\Desktop\\freelas\\selenium\\src\\Core\\Container\\Factories\\ValueFactory.ts": {"path":"C:\\Users\\higor\\Desktop\\freelas\\selenium\\src\\Core\\Container\\Factories\\ValueFactory.ts","statementMap":{"0":{"start":{"line":15,"column":16},"end":{"line":15,"column":24}},"1":{"start":{"line":20,"column":8},"end":{"line":20,"column":26}},"2":{"start":{"line":12,"column":0},"end":{"line":12,"column":13}}},"fnMap":{"0":{"name":"(anonymous_0)","decl":{"start":{"line":14,"column":4},"end":{"line":14,"column":null}},"loc":{"start":{"line":15,"column":24},"end":{"line":17,"column":5}}},"1":{"name":"(anonymous_1)","decl":{"start":{"line":19,"column":4},"end":{"line":19,"column":8}},"loc":{"start":{"line":19,"column":8},"end":{"line":21,"column":5}}}},"branchMap":{},"s":{"0":1,"1":2,"2":1},"f":{"0":1,"1":2},"b":{}}
,"C:\\Users\\higor\\Desktop\\freelas\\selenium\\src\\Core\\Container\\Factories\\index.ts": {"path":"C:\\Users\\higor\\Desktop\\freelas\\selenium\\src\\Core\\Container\\Factories\\index.ts","statementMap":{"0":{"start":{"line":11,"column":0},"end":{"line":11,"column":31}}},"fnMap":{},"branchMap":{},"s":{"0":0},"f":{},"b":{}}
,"C:\\Users\\higor\\Desktop\\freelas\\selenium\\src\\Core\\Container\\Syntax\\BindingToBuilder.ts": {"path":"C:\\Users\\higor\\Desktop\\freelas\\selenium\\src\\Core\\Container\\Syntax\\BindingToBuilder.ts","statementMap":{"0":{"start":{"line":13,"column":0},"end":{"line":13,"column":65}},"1":{"start":{"line":14,"column":0},"end":{"line":14,"column":64}},"2":{"start":{"line":16,"column":0},"end":{"line":16,"column":73}},"3":{"start":{"line":21,"column":25},"end":{"line":21,"column":44}},"4":{"start":{"line":26,"column":8},"end":{"line":26,"column":47}},"5":{"start":{"line":27,"column":8},"end":{"line":27,"column":50}},"6":{"start":{"line":29,"column":8},"end":{"line":29,"column":34}},"7":{"start":{"line":33,"column":8},"end":{"line":33,"column":49}},"8":{"start":{"line":34,"column":8},"end":{"line":34,"column":39}},"9":{"start":{"line":35,"column":8},"end":{"line":35,"column":53}},"10":{"start":{"line":39,"column":8},"end":{"line":39,"column":47}},"11":{"start":{"line":40,"column":8},"end":{"line":40,"column":55}},"12":{"start":{"line":41,"column":8},"end":{"line":41,"column":53}},"13":{"start":{"line":46,"column":8},"end":{"line":48,"column":9}},"14":{"start":{"line":47,"column":12},"end":{"line":47,"column":24}},"15":{"start":{"line":50,"column":8},"end":{"line":50,"column":48}},"16":{"start":{"line":54,"column":8},"end":{"line":54,"column":54}},"17":{"start":{"line":55,"column":8},"end":{"line":55,"column":55}},"18":{"start":{"line":59,"column":8},"end":{"line":59,"column":49}},"19":{"start":{"line":60,"column":8},"end":{"line":60,"column":39}},"20":{"start":{"line":61,"column":8},"end":{"line":61,"column":53}},"21":{"start":{"line":65,"column":8},"end":{"line":65,"column":61}},"22":{"start":{"line":69,"column":8},"end":{"line":71,"column":9}},"23":{"start":{"line":70,"column":12},"end":{"line":70,"column":24}},"24":{"start":{"line":73,"column":8},"end":{"line":73,"column":52}},"25":{"start":{"line":74,"column":8},"end":{"line":74,"column":53}},"26":{"start":{"line":78,"column":8},"end":{"line":78,"column":52}},"27":{"start":{"line":79,"column":8},"end":{"line":79,"column":53}},"28":{"start":{"line":18,"column":0},"end":{"line":18,"column":13}}},"fnMap":{"0":{"name":"(anonymous_0)","decl":{"start":{"line":20,"column":4},"end":{"line":20,"column":null}},"loc":{"start":{"line":21,"column":44},"end":{"line":23,"column":5}}},"1":{"name":"(anonymous_1)","decl":{"start":{"line":25,"column":11},"end":{"line":25,"column":13}},"loc":{"start":{"line":25,"column":43},"end":{"line":30,"column":5}}},"2":{"name":"(anonymous_2)","decl":{"start":{"line":32,"column":11},"end":{"line":32,"column":20}},"loc":{"start":{"line":32,"column":40},"end":{"line":36,"column":5}}},"3":{"name":"(anonymous_3)","decl":{"start":{"line":38,"column":11},"end":{"line":38,"column":18}},"loc":{"start":{"line":38,"column":27},"end":{"line":42,"column":5}}},"4":{"name":"(anonymous_4)","decl":{"start":{"line":44,"column":11},"end":{"line":44,"column":17}},"loc":{"start":{"line":44,"column":17},"end":{"line":51,"column":5}}},"5":{"name":"(anonymous_5)","decl":{"start":{"line":53,"column":11},"end":{"line":53,"column":25}},"loc":{"start":{"line":53,"column":25},"end":{"line":56,"column":5}}},"6":{"name":"(anonymous_6)","decl":{"start":{"line":58,"column":11},"end":{"line":58,"column":20}},"loc":{"start":{"line":58,"column":40},"end":{"line":62,"column":5}}},"7":{"name":"(anonymous_7)","decl":{"start":{"line":64,"column":14},"end":{"line":64,"column":30}},"loc":{"start":{"line":64,"column":30},"end":{"line":66,"column":5}}},"8":{"name":"(anonymous_8)","decl":{"start":{"line":68,"column":11},"end":{"line":68,"column":22}},"loc":{"start":{"line":68,"column":22},"end":{"line":75,"column":5}}},"9":{"name":"(anonymous_9)","decl":{"start":{"line":77,"column":11},"end":{"line":77,"column":22}},"loc":{"start":{"line":77,"column":22},"end":{"line":80,"column":5}}}},"branchMap":{"0":{"loc":{"start":{"line":46,"column":8},"end":{"line":48,"column":9}},"type":"if","locations":[{"start":{"line":46,"column":8},"end":{"line":48,"column":9}}]},"1":{"loc":{"start":{"line":69,"column":8},"end":{"line":71,"column":9}},"type":"if","locations":[{"start":{"line":69,"column":8},"end":{"line":71,"column":9}}]}},"s":{"0":1,"1":1,"2":1,"3":33,"4":11,"5":11,"6":11,"7":1,"8":1,"9":1,"10":1,"11":1,"12":1,"13":6,"14":0,"15":6,"16":0,"17":0,"18":2,"19":2,"20":2,"21":3,"22":3,"23":0,"24":3,"25":3,"26":11,"27":11,"28":1},"f":{"0":33,"1":11,"2":1,"3":1,"4":6,"5":0,"6":2,"7":3,"8":3,"9":11},"b":{"0":[0],"1":[0]}}
,"C:\\Users\\higor\\Desktop\\freelas\\selenium\\src\\Core\\Container\\Syntax\\BindingWhenBuilder.ts": {"path":"C:\\Users\\higor\\Desktop\\freelas\\selenium\\src\\Core\\Container\\Syntax\\BindingWhenBuilder.ts","statementMap":{"0":{"start":{"line":15,"column":25},"end":{"line":15,"column":44}},"1":{"start":{"line":20,"column":8},"end":{"line":20,"column":45}},"2":{"start":{"line":22,"column":8},"end":{"line":22,"column":52}},"3":{"start":{"line":12,"column":0},"end":{"line":12,"column":13}}},"fnMap":{"0":{"name":"(anonymous_0)","decl":{"start":{"line":14,"column":4},"end":{"line":14,"column":null}},"loc":{"start":{"line":15,"column":44},"end":{"line":17,"column":5}}},"1":{"name":"(anonymous_1)","decl":{"start":{"line":19,"column":11},"end":{"line":19,"column":15}},"loc":{"start":{"line":19,"column":38},"end":{"line":23,"column":5}}}},"branchMap":{},"s":{"0":0,"1":0,"2":0,"3":1},"f":{"0":0,"1":0},"b":{}}
,"C:\\Users\\higor\\Desktop\\freelas\\selenium\\src\\Core\\Contracts\\Annotations\\index.ts": {"path":"C:\\Users\\higor\\Desktop\\freelas\\selenium\\src\\Core\\Contracts\\Annotations\\index.ts","statementMap":{"0":{"start":{"line":11,"column":1},"end":{"line":11,"column":28}}},"fnMap":{},"branchMap":{},"s":{"0":0},"f":{},"b":{}}
,"C:\\Users\\higor\\Desktop\\freelas\\selenium\\src\\Core\\Contracts\\Container\\index.ts": {"path":"C:\\Users\\higor\\Desktop\\freelas\\selenium\\src\\Core\\Contracts\\Container\\index.ts","statementMap":{"0":{"start":{"line":11,"column":0},"end":{"line":11,"column":26}},"1":{"start":{"line":12,"column":0},"end":{"line":12,"column":28}},"2":{"start":{"line":13,"column":0},"end":{"line":13,"column":41}},"3":{"start":{"line":14,"column":0},"end":{"line":14,"column":29}},"4":{"start":{"line":15,"column":0},"end":{"line":15,"column":26}},"5":{"start":{"line":16,"column":0},"end":{"line":16,"column":31}},"6":{"start":{"line":17,"column":0},"end":{"line":17,"column":26}},"7":{"start":{"line":18,"column":0},"end":{"line":18,"column":28}}},"fnMap":{},"branchMap":{},"s":{"0":0,"1":0,"2":0,"3":0,"4":0,"5":0,"6":0,"7":0},"f":{},"b":{}}
,"C:\\Users\\higor\\Desktop\\freelas\\selenium\\src\\Core\\Contracts\\Core\\index.ts": {"path":"C:\\Users\\higor\\Desktop\\freelas\\selenium\\src\\Core\\Contracts\\Core\\index.ts","statementMap":{"0":{"start":{"line":11,"column":0},"end":{"line":11,"column":27}},"1":{"start":{"line":12,"column":0},"end":{"line":12,"column":22}},"2":{"start":{"line":13,"column":0},"end":{"line":13,"column":26}},"3":{"start":{"line":14,"column":0},"end":{"line":14,"column":29}},"4":{"start":{"line":15,"column":0},"end":{"line":15,"column":26}},"5":{"start":{"line":16,"column":0},"end":{"line":16,"column":27}},"6":{"start":{"line":17,"column":0},"end":{"line":17,"column":31}},"7":{"start":{"line":18,"column":0},"end":{"line":18,"column":29}},"8":{"start":{"line":19,"column":0},"end":{"line":19,"column":27}},"9":{"start":{"line":20,"column":0},"end":{"line":20,"column":27}},"10":{"start":{"line":21,"column":0},"end":{"line":21,"column":28}},"11":{"start":{"line":22,"column":0},"end":{"line":22,"column":28}},"12":{"start":{"line":23,"column":0},"end":{"line":23,"column":27}},"13":{"start":{"line":24,"column":0},"end":{"line":24,"column":26}},"14":{"start":{"line":25,"column":0},"end":{"line":25,"column":38}}},"fnMap":{},"branchMap":{},"s":{"0":0,"1":0,"2":0,"3":0,"4":0,"5":0,"6":0,"7":0,"8":0,"9":0,"10":0,"11":0,"12":0,"13":0,"14":0},"f":{},"b":{}}
,"C:\\Users\\higor\\Desktop\\freelas\\selenium\\src\\Core\\Errors\\CoreError.ts": {"path":"C:\\Users\\higor\\Desktop\\freelas\\selenium\\src\\Core\\Errors\\CoreError.ts","statementMap":{"0":{"start":{"line":13,"column":8},"end":{"line":13,"column":23}},"1":{"start":{"line":14,"column":8},"end":{"line":14,"column":32}},"2":{"start":{"line":11,"column":0},"end":{"line":11,"column":13}}},"fnMap":{"0":{"name":"(anonymous_0)","decl":{"start":{"line":12,"column":4},"end":{"line":12,"column":16}},"loc":{"start":{"line":12,"column":53},"end":{"line":15,"column":5}}}},"branchMap":{"0":{"loc":{"start":{"line":12,"column":16},"end":{"line":12,"column":53}},"type":"default-arg","locations":[{"start":{"line":12,"column":34},"end":{"line":12,"column":53}}]}},"s":{"0":0,"1":0,"2":1},"f":{"0":0},"b":{"0":[0]}}
,"C:\\Users\\higor\\Desktop\\freelas\\selenium\\src\\Core\\Errors\\LogicalError.ts": {"path":"C:\\Users\\higor\\Desktop\\freelas\\selenium\\src\\Core\\Errors\\LogicalError.ts","statementMap":{"0":{"start":{"line":13,"column":8},"end":{"line":13,"column":23}},"1":{"start":{"line":14,"column":8},"end":{"line":14,"column":35}},"2":{"start":{"line":11,"column":0},"end":{"line":11,"column":13}}},"fnMap":{"0":{"name":"(anonymous_0)","decl":{"start":{"line":12,"column":4},"end":{"line":12,"column":16}},"loc":{"start":{"line":12,"column":31},"end":{"line":15,"column":5}}}},"branchMap":{},"s":{"0":0,"1":0,"2":1},"f":{"0":0},"b":{}}
,"C:\\Users\\higor\\Desktop\\freelas\\selenium\\src\\Core\\Errors\\MissingParameterError.ts": {"path":"C:\\Users\\higor\\Desktop\\freelas\\selenium\\src\\Core\\Errors\\MissingParameterError.ts","statementMap":{"0":{"start":{"line":11,"column":0},"end":{"line":11,"column":35}},"1":{"start":{"line":15,"column":8},"end":{"line":15,"column":23}},"2":{"start":{"line":13,"column":0},"end":{"line":13,"column":13}}},"fnMap":{"0":{"name":"(anonymous_0)","decl":{"start":{"line":14,"column":4},"end":{"line":14,"column":16}},"loc":{"start":{"line":14,"column":31},"end":{"line":16,"column":5}}}},"branchMap":{},"s":{"0":1,"1":0,"2":1},"f":{"0":0},"b":{}}
,"C:\\Users\\higor\\Desktop\\freelas\\selenium\\src\\Core\\Errors\\NonNullError.ts": {"path":"C:\\Users\\higor\\Desktop\\freelas\\selenium\\src\\Core\\Errors\\NonNullError.ts","statementMap":{"0":{"start":{"line":11,"column":0},"end":{"line":11,"column":35}},"1":{"start":{"line":15,"column":8},"end":{"line":15,"column":47}},"2":{"start":{"line":16,"column":8},"end":{"line":16,"column":35}},"3":{"start":{"line":13,"column":0},"end":{"line":13,"column":13}}},"fnMap":{"0":{"name":"(anonymous_0)","decl":{"start":{"line":14,"column":4},"end":{"line":14,"column":16}},"loc":{"start":{"line":14,"column":85},"end":{"line":17,"column":5}}}},"branchMap":{"0":{"loc":{"start":{"line":14,"column":30},"end":{"line":14,"column":85}},"type":"default-arg","locations":[{"start":{"line":14,"column":48},"end":{"line":14,"column":85}}]}},"s":{"0":1,"1":0,"2":0,"3":1},"f":{"0":0},"b":{"0":[0]}}
,"C:\\Users\\higor\\Desktop\\freelas\\selenium\\src\\Core\\Errors\\index.ts": {"path":"C:\\Users\\higor\\Desktop\\freelas\\selenium\\src\\Core\\Errors\\index.ts","statementMap":{"0":{"start":{"line":11,"column":0},"end":{"line":11,"column":28}},"1":{"start":{"line":12,"column":0},"end":{"line":12,"column":31}},"2":{"start":{"line":13,"column":0},"end":{"line":13,"column":31}},"3":{"start":{"line":14,"column":0},"end":{"line":14,"column":40}}},"fnMap":{},"branchMap":{},"s":{"0":1,"1":1,"2":1,"3":1},"f":{},"b":{}}
,"C:\\Users\\higor\\Desktop\\freelas\\selenium\\src\\Core\\Symbol\\UniqueSymbol.ts": {"path":"C:\\Users\\higor\\Desktop\\freelas\\selenium\\src\\Core\\Symbol\\UniqueSymbol.ts","statementMap":{"0":{"start":{"line":11,"column":0},"end":{"line":11,"column":24}},"1":{"start":{"line":19,"column":8},"end":{"line":19,"column":35}},"2":{"start":{"line":23,"column":8},"end":{"line":23,"column":26}},"3":{"start":{"line":27,"column":8},"end":{"line":27,"column":26}},"4":{"start":{"line":14,"column":0},"end":{"line":14,"column":13}}},"fnMap":{"0":{"name":"(anonymous_0)","decl":{"start":{"line":18,"column":4},"end":{"line":18,"column":16}},"loc":{"start":{"line":18,"column":46},"end":{"line":20,"column":5}}},"1":{"name":"(anonymous_1)","decl":{"start":{"line":22,"column":11},"end":{"line":22,"column":19}},"loc":{"start":{"line":22,"column":19},"end":{"line":24,"column":5}}},"2":{"name":"(anonymous_2)","decl":{"start":{"line":26,"column":11},"end":{"line":26,"column":18}},"loc":{"start":{"line":26,"column":18},"end":{"line":28,"column":5}}}},"branchMap":{"0":{"loc":{"start":{"line":18,"column":16},"end":{"line":18,"column":46}},"type":"default-arg","locations":[{"start":{"line":18,"column":42},"end":{"line":18,"column":46}}]},"1":{"loc":{"start":{"line":19,"column":21},"end":{"line":19,"column":34}},"type":"cond-expr","locations":[{"start":{"line":19,"column":21},"end":{"line":19,"column":26}},{"start":{"line":19,"column":30},"end":{"line":19,"column":34}}]},"2":{"loc":{"start":{"line":19,"column":21},"end":{"line":19,"column":30}},"type":"binary-expr","locations":[{"start":{"line":19,"column":21},"end":{"line":19,"column":30}},{"start":{"line":19,"column":21},"end":{"line":19,"column":30}}]}},"s":{"0":0,"1":0,"2":0,"3":0,"4":0},"f":{"0":0,"1":0,"2":0},"b":{"0":[0],"1":[0,0],"2":[0,0]}}
,"C:\\Users\\higor\\Desktop\\freelas\\selenium\\src\\Core\\Symbol\\index.ts": {"path":"C:\\Users\\higor\\Desktop\\freelas\\selenium\\src\\Core\\Symbol\\index.ts","statementMap":{"0":{"start":{"line":11,"column":0},"end":{"line":11,"column":30}}},"fnMap":{},"branchMap":{},"s":{"0":0},"f":{},"b":{}}
,"C:\\Users\\higor\\Desktop\\freelas\\selenium\\src\\Core\\Utils\\Arr.ts": {"path":"C:\\Users\\higor\\Desktop\\freelas\\selenium\\src\\Core\\Utils\\Arr.ts","statementMap":{"0":{"start":{"line":14,"column":8},"end":{"line":14,"column":54}},"1":{"start":{"line":18,"column":21},"end":{"line":18,"column":33}},"2":{"start":{"line":19,"column":8},"end":{"line":24,"column":9}},"3":{"start":{"line":20,"column":12},"end":{"line":22,"column":13}},"4":{"start":{"line":21,"column":16},"end":{"line":21,"column":28}},"5":{"start":{"line":23,"column":12},"end":{"line":23,"column":27}},"6":{"start":{"line":25,"column":8},"end":{"line":25,"column":20}},"7":{"start":{"line":29,"column":8},"end":{"line":29,"column":48}},"8":{"start":{"line":12,"column":0},"end":{"line":12,"column":13}}},"fnMap":{"0":{"name":"(anonymous_0)","decl":{"start":{"line":13,"column":11},"end":{"line":13,"column":17}},"loc":{"start":{"line":13,"column":40},"end":{"line":15,"column":5}}},"1":{"name":"(anonymous_1)","decl":{"start":{"line":17,"column":11},"end":{"line":17,"column":17}},"loc":{"start":{"line":17,"column":52},"end":{"line":26,"column":5}}},"2":{"name":"(anonymous_2)","decl":{"start":{"line":28,"column":11},"end":{"line":28,"column":17}},"loc":{"start":{"line":28,"column":42},"end":{"line":30,"column":5}}}},"branchMap":{"0":{"loc":{"start":{"line":14,"column":15},"end":{"line":14,"column":53}},"type":"cond-expr","locations":[{"start":{"line":14,"column":38},"end":{"line":14,"column":43}},{"start":{"line":14,"column":46},"end":{"line":14,"column":53}}]},"1":{"loc":{"start":{"line":20,"column":12},"end":{"line":22,"column":13}},"type":"if","locations":[{"start":{"line":20,"column":12},"end":{"line":22,"column":13}}]}},"s":{"0":0,"1":0,"2":0,"3":0,"4":0,"5":0,"6":0,"7":0,"8":1},"f":{"0":0,"1":0,"2":0},"b":{"0":[0,0],"1":[0]}}
,"C:\\Users\\higor\\Desktop\\freelas\\selenium\\src\\Core\\Utils\\Utils.ts": {"path":"C:\\Users\\higor\\Desktop\\freelas\\selenium\\src\\Core\\Utils\\Utils.ts","statementMap":{"0":{"start":{"line":11,"column":0},"end":{"line":11,"column":38}},"1":{"start":{"line":17,"column":8},"end":{"line":19,"column":9}},"2":{"start":{"line":18,"column":12},"end":{"line":18,"column":56}},"3":{"start":{"line":21,"column":8},"end":{"line":21,"column":20}},"4":{"start":{"line":25,"column":8},"end":{"line":27,"column":53}},"5":{"start":{"line":31,"column":8},"end":{"line":31,"column":null}},"6":{"start":{"line":35,"column":8},"end":{"line":36,"column":39}},"7":{"start":{"line":40,"column":8},"end":{"line":42,"column":42}},"8":{"start":{"line":15,"column":0},"end":{"line":15,"column":13}}},"fnMap":{"0":{"name":"(anonymous_0)","decl":{"start":{"line":16,"column":11},"end":{"line":16,"column":17}},"loc":{"start":{"line":16,"column":72},"end":{"line":22,"column":5}}},"1":{"name":"(anonymous_1)","decl":{"start":{"line":24,"column":11},"end":{"line":24,"column":17}},"loc":{"start":{"line":24,"column":41},"end":{"line":28,"column":5}}},"2":{"name":"(anonymous_2)","decl":{"start":{"line":30,"column":11},"end":{"line":30,"column":17}},"loc":{"start":{"line":30,"column":42},"end":{"line":32,"column":5}}},"3":{"name":"(anonymous_3)","decl":{"start":{"line":34,"column":11},"end":{"line":34,"column":17}},"loc":{"start":{"line":34,"column":41},"end":{"line":37,"column":5}}},"4":{"name":"(anonymous_4)","decl":{"start":{"line":39,"column":11},"end":{"line":39,"column":17}},"loc":{"start":{"line":39,"column":37},"end":{"line":43,"column":5}}}},"branchMap":{"0":{"loc":{"start":{"line":16,"column":43},"end":{"line":16,"column":72}},"type":"default-arg","locations":[{"start":{"line":16,"column":68},"end":{"line":16,"column":72}}]},"1":{"loc":{"start":{"line":17,"column":8},"end":{"line":19,"column":9}},"type":"if","locations":[{"start":{"line":17,"column":8},"end":{"line":19,"column":9}}]},"2":{"loc":{"start":{"line":17,"column":12},"end":{"line":17,"column":49}},"type":"binary-expr","locations":[{"start":{"line":17,"column":12},"end":{"line":17,"column":26}},{"start":{"line":17,"column":30},"end":{"line":17,"column":49}}]},"3":{"loc":{"start":{"line":18,"column":35},"end":{"line":18,"column":54}},"type":"cond-expr","locations":[{"start":{"line":18,"column":35},"end":{"line":18,"column":39}},{"start":{"line":18,"column":43},"end":{"line":18,"column":54}}]},"4":{"loc":{"start":{"line":18,"column":35},"end":{"line":18,"column":43}},"type":"binary-expr","locations":[{"start":{"line":18,"column":35},"end":{"line":18,"column":43}},{"start":{"line":18,"column":35},"end":{"line":18,"column":43}}]},"5":{"loc":{"start":{"line":25,"column":15},"end":{"line":27,"column":52}},"type":"binary-expr","locations":[{"start":{"line":25,"column":15},"end":{"line":25,"column":42}},{"start":{"line":26,"column":15},"end":{"line":26,"column":35}},{"start":{"line":27,"column":15},"end":{"line":27,"column":52}}]},"6":{"loc":{"start":{"line":35,"column":15},"end":{"line":36,"column":38}},"type":"binary-expr","locations":[{"start":{"line":35,"column":15},"end":{"line":35,"column":42}},{"start":{"line":36,"column":15},"end":{"line":36,"column":38}}]},"7":{"loc":{"start":{"line":40,"column":15},"end":{"line":42,"column":41}},"type":"cond-expr","locations":[{"start":{"line":41,"column":14},"end":{"line":41,"column":28}},{"start":{"line":42,"column":14},"end":{"line":42,"column":41}}]}},"s":{"0":1,"1":7,"2":0,"3":7,"4":16,"5":0,"6":16,"7":15,"8":1},"f":{"0":7,"1":16,"2":0,"3":16,"4":15},"b":{"0":[0],"1":[0],"2":[7,7],"3":[0,0],"4":[0,0],"5":[16,16,16],"6":[16,16],"7":[0,15]}}
,"C:\\Users\\higor\\Desktop\\freelas\\selenium\\src\\Core\\Utils\\index.ts": {"path":"C:\\Users\\higor\\Desktop\\freelas\\selenium\\src\\Core\\Utils\\index.ts","statementMap":{"0":{"start":{"line":11,"column":0},"end":{"line":11,"column":24}},"1":{"start":{"line":12,"column":0},"end":{"line":12,"column":22}}},"fnMap":{},"branchMap":{},"s":{"0":1,"1":1},"f":{},"b":{}}
}
