TN:
SF:src\Core\Annotations\Inject.ts
FN:17,Inject
FN:18,(anonymous_1)
FNF:2
FNH:2
FNDA:6,Inject
FNDA:6,(anonymous_1)
DA:12,1
DA:13,1
DA:14,1
DA:15,1
DA:17,1
DA:18,6
DA:19,6
DA:20,0
DA:21,0
DA:24,6
LF:10
LH:8
BRDA:19,0,0,0
BRDA:20,1,0,0
BRDA:20,1,1,0
BRF:3
BRH:0
end_of_record
TN:
SF:src\Core\Annotations\Injectable.ts
FN:16,Injectable
FN:17,(anonymous_1)
FNF:2
FNH:2
FNDA:9,Injectable
FNDA:9,(anonymous_1)
DA:11,1
DA:12,1
DA:16,1
DA:17,9
DA:18,9
DA:19,0
DA:22,9
DA:23,9
DA:25,9
DA:26,0
DA:29,9
LF:11
LH:9
BRDA:16,0,0,9
BRDA:18,1,0,0
BRDA:22,2,0,9
BRDA:22,2,1,2
BRDA:25,3,0,0
BRF:5
BRH:3
end_of_record
TN:
SF:src\Core\Annotations\Metadata.ts
FN:19,(anonymous_0)
FN:25,(anonymous_1)
FNF:2
FNH:1
FNDA:6,(anonymous_0)
FNDA:0,(anonymous_1)
DA:13,1
DA:15,1
DA:20,6
DA:21,6
DA:26,0
DA:27,0
DA:29,0
LF:7
LH:4
BRDA:26,0,0,0
BRDA:26,0,1,0
BRF:2
BRH:0
end_of_record
TN:
SF:src\Core\Annotations\index.ts
FNF:0
FNH:0
DA:11,1
LF:1
LH:1
BRF:0
BRH:0
end_of_record
TN:
SF:src\Core\Annotations\Constants\MetadataTypes.ts
FN:11,(anonymous_0)
FNF:1
FNH:1
FNDA:1,(anonymous_0)
DA:11,1
DA:12,1
DA:13,1
DA:14,1
DA:15,1
DA:16,1
DA:17,1
DA:18,1
DA:19,1
DA:20,1
DA:21,1
LF:11
LH:11
BRDA:11,0,0,1
BRDA:11,0,1,1
BRF:2
BRH:2
end_of_record
TN:
SF:src\Core\Annotations\Constants\index.ts
FNF:0
FNH:0
DA:11,1
LF:1
LH:1
BRF:0
BRH:0
end_of_record
TN:
SF:src\Core\Annotations\Utils\MetadataUtils.ts
FN:20,(anonymous_0)
FN:22,(anonymous_1)
FN:31,(anonymous_2)
FN:48,(anonymous_3)
FN:60,(anonymous_4)
FN:66,(anonymous_5)
FN:76,(anonymous_6)
FN:88,(anonymous_7)
FN:91,(anonymous_8)
FNF:9
FNH:6
FNDA:6,(anonymous_0)
FNDA:0,(anonymous_1)
FNDA:6,(anonymous_2)
FNDA:0,(anonymous_3)
FNDA:6,(anonymous_4)
FNDA:6,(anonymous_5)
FNDA:0,(anonymous_6)
FNDA:6,(anonymous_7)
FNDA:6,(anonymous_8)
DA:10,1
DA:13,1
DA:15,1
DA:16,1
DA:18,1
DA:21,6
DA:22,0
DA:23,0
DA:26,6
DA:28,6
DA:37,6
DA:38,6
DA:40,6
DA:41,0
DA:44,6
DA:46,6
DA:47,0
DA:48,0
DA:49,0
DA:55,6
DA:56,6
DA:57,6
DA:61,6
DA:62,0
DA:72,6
DA:73,6
DA:81,0
DA:82,0
DA:85,0
DA:91,6
DA:96,6
DA:97,6
DA:99,0
LF:33
LH:22
BRDA:21,0,0,0
BRDA:21,0,1,6
BRDA:22,1,0,0
BRDA:40,2,0,0
BRDA:44,3,0,0
BRDA:44,3,1,6
BRDA:44,4,0,6
BRDA:44,4,1,6
BRDA:46,5,0,0
BRDA:48,6,0,0
BRDA:61,7,0,0
BRDA:81,8,0,0
BRDA:96,9,0,6
BRDA:96,9,1,0
BRF:14
BRH:5
end_of_record
TN:
SF:src\Core\Container\Binding.ts
FN:24,(anonymous_0)
FNF:1
FNH:1
FNDA:15,(anonymous_0)
DA:15,1
DA:17,15
DA:20,15
DA:21,15
DA:22,15
DA:25,15
LF:6
LH:6
BRF:0
BRH:0
end_of_record
TN:
SF:src\Core\Container\Container.ts
FN:34,(anonymous_0)
FN:42,(anonymous_1)
FN:46,(anonymous_2)
FN:50,(anonymous_3)
FN:57,(anonymous_4)
FN:65,(anonymous_5)
FN:71,(anonymous_6)
FN:98,(anonymous_7)
FN:102,(anonymous_8)
FN:108,(anonymous_9)
FN:114,(anonymous_10)
FN:143,(anonymous_11)
FN:152,(anonymous_12)
FN:165,(anonymous_13)
FN:183,(anonymous_14)
FN:187,(anonymous_15)
FN:209,(anonymous_16)
FN:219,(anonymous_17)
FN:239,(anonymous_18)
FNF:19
FNH:15
FNDA:1,(anonymous_0)
FNDA:0,(anonymous_1)
FNDA:0,(anonymous_2)
FNDA:7,(anonymous_3)
FNDA:0,(anonymous_4)
FNDA:42,(anonymous_5)
FNDA:15,(anonymous_6)
FNDA:0,(anonymous_7)
FNDA:16,(anonymous_8)
FNDA:19,(anonymous_9)
FNDA:16,(anonymous_10)
FNDA:11,(anonymous_11)
FNDA:11,(anonymous_12)
FNDA:16,(anonymous_13)
FNDA:26,(anonymous_14)
FNDA:23,(anonymous_15)
FNDA:26,(anonymous_16)
FNDA:26,(anonymous_17)
FNDA:15,(anonymous_18)
DA:11,1
DA:15,1
DA:16,1
DA:17,1
DA:18,1
DA:19,1
DA:20,1
DA:23,1
DA:26,1
DA:32,1
DA:35,1
DA:36,1
DA:37,1
DA:38,1
DA:39,1
DA:43,0
DA:47,0
DA:51,7
DA:52,1
DA:54,7
DA:58,0
DA:59,0
DA:62,0
DA:66,42
DA:76,15
DA:78,0
DA:79,0
DA:83,0
DA:86,0
DA:88,15
DA:89,15
DA:92,15
DA:94,15
DA:95,15
DA:99,0
DA:103,16
DA:109,19
DA:119,16
DA:120,0
DA:123,16
DA:125,16
DA:128,16
DA:129,0
DA:131,0
DA:134,16
DA:136,16
DA:138,16
DA:140,16
DA:144,11
DA:146,11
DA:148,0
DA:153,11
DA:155,11
DA:156,11
DA:157,11
DA:158,11
DA:162,11
DA:166,16
DA:167,16
DA:168,16
DA:170,16
DA:172,11
DA:173,11
DA:174,11
DA:177,0
DA:180,16
DA:184,26
DA:188,23
DA:191,4
DA:192,4
DA:194,4
DA:196,16
DA:200,3
DA:201,3
DA:203,3
DA:205,0
DA:210,26
DA:211,6
DA:212,3
DA:214,3
DA:216,20
DA:220,26
DA:221,26
DA:223,26
DA:224,0
DA:227,26
DA:229,26
DA:230,26
DA:232,26
DA:234,26
DA:236,26
DA:240,15
LF:92
LH:75
BRDA:51,0,0,1
BRDA:58,1,0,0
BRDA:66,2,0,0
BRDA:66,2,1,42
BRDA:76,3,0,0
BRDA:76,3,1,15
BRDA:76,4,0,15
BRDA:76,4,1,7
BRDA:92,5,0,0
BRDA:92,5,1,15
BRDA:92,6,0,15
BRDA:92,6,1,0
BRDA:103,7,0,16
BRDA:103,7,1,0
BRDA:103,7,2,0
BRDA:109,8,0,19
BRDA:109,8,1,0
BRDA:119,9,0,0
BRDA:125,10,0,16
BRDA:125,10,1,0
BRDA:128,11,0,0
BRDA:144,12,0,11
BRDA:144,12,1,0
BRDA:157,13,0,11
BRDA:166,14,0,14
BRDA:166,14,1,2
BRDA:166,15,0,16
BRDA:166,15,1,16
BRDA:167,16,0,11
BRDA:167,16,1,5
BRDA:167,17,0,16
BRDA:167,17,1,16
BRDA:172,18,0,11
BRDA:184,19,0,26
BRDA:184,19,1,0
BRDA:188,20,0,2
BRDA:188,20,1,4
BRDA:188,20,2,16
BRDA:188,20,3,3
BRDA:188,20,4,0
BRDA:196,21,0,16
BRDA:196,21,1,0
BRDA:210,22,0,6
BRDA:211,23,0,3
BRDA:223,24,0,0
BRF:45
BRH:29
end_of_record
TN:
SF:src\Core\Container\Constants\BindingScope.ts
FN:11,(anonymous_0)
FNF:1
FNH:1
FNDA:1,(anonymous_0)
DA:11,1
DA:12,1
DA:13,1
LF:3
LH:3
BRDA:11,0,0,1
BRDA:11,0,1,1
BRF:2
BRH:2
end_of_record
TN:
SF:src\Core\Container\Constants\BindingTypes.ts
FN:11,(anonymous_0)
FNF:1
FNH:1
FNDA:1,(anonymous_0)
DA:11,1
DA:12,1
DA:13,1
DA:14,1
DA:15,1
DA:16,1
LF:6
LH:6
BRDA:11,0,0,1
BRDA:11,0,1,1
BRF:2
BRH:2
end_of_record
TN:
SF:src\Core\Container\Constants\index.ts
FNF:0
FNH:0
DA:11,1
DA:12,1
LF:2
LH:2
BRF:0
BRH:0
end_of_record
TN:
SF:src\Core\Container\Factories\ValueFactory.ts
FN:14,(anonymous_0)
FN:19,(anonymous_1)
FNF:2
FNH:2
FNDA:1,(anonymous_0)
FNDA:2,(anonymous_1)
DA:12,1
DA:15,1
DA:20,2
LF:3
LH:3
BRF:0
BRH:0
end_of_record
TN:
SF:src\Core\Container\Factories\index.ts
FNF:0
FNH:0
DA:11,0
LF:1
LH:0
BRF:0
BRH:0
end_of_record
TN:
SF:src\Core\Container\Syntax\BindingAsBuilder.ts
FN:20,(anonymous_0)
FN:25,(anonymous_1)
FN:32,(anonymous_2)
FN:38,(anonymous_3)
FN:44,(anonymous_4)
FN:53,(anonymous_5)
FN:58,(anonymous_6)
FN:64,(anonymous_7)
FN:68,(anonymous_8)
FN:77,(anonymous_9)
FNF:10
FNH:9
FNDA:33,(anonymous_0)
FNDA:11,(anonymous_1)
FNDA:1,(anonymous_2)
FNDA:1,(anonymous_3)
FNDA:6,(anonymous_4)
FNDA:0,(anonymous_5)
FNDA:2,(anonymous_6)
FNDA:3,(anonymous_7)
FNDA:3,(anonymous_8)
FNDA:11,(anonymous_9)
DA:13,1
DA:14,1
DA:16,1
DA:18,1
DA:21,33
DA:26,11
DA:27,11
DA:29,11
DA:33,1
DA:34,1
DA:35,1
DA:39,1
DA:40,1
DA:41,1
DA:46,6
DA:47,0
DA:50,6
DA:54,0
DA:55,0
DA:59,2
DA:60,2
DA:61,2
DA:65,3
DA:69,3
DA:70,0
DA:73,3
DA:74,3
DA:78,11
DA:79,11
LF:29
LH:25
BRDA:46,0,0,0
BRDA:69,1,0,0
BRF:2
BRH:0
end_of_record
TN:
SF:src\Core\Container\Syntax\BindingWhenBuilder.ts
FN:14,(anonymous_0)
FN:19,(anonymous_1)
FNF:2
FNH:0
FNDA:0,(anonymous_0)
FNDA:0,(anonymous_1)
DA:12,1
DA:15,0
DA:20,0
DA:22,0
LF:4
LH:1
BRF:0
BRH:0
end_of_record
TN:
SF:src\Core\Contracts\Annotations\index.ts
FNF:0
FNH:0
DA:11,0
LF:1
LH:0
BRF:0
BRH:0
end_of_record
TN:
SF:src\Core\Contracts\Container\index.ts
FNF:0
FNH:0
DA:11,0
DA:12,0
DA:13,0
DA:14,0
DA:15,0
DA:16,0
DA:17,0
DA:18,0
LF:8
LH:0
BRF:0
BRH:0
end_of_record
TN:
SF:src\Core\Contracts\Core\index.ts
FNF:0
FNH:0
DA:11,0
DA:12,0
DA:13,0
DA:14,0
DA:15,0
DA:16,0
DA:17,0
DA:18,0
DA:19,0
DA:20,0
DA:21,0
DA:22,0
DA:23,0
DA:24,0
DA:25,0
LF:15
LH:0
BRF:0
BRH:0
end_of_record
TN:
SF:src\Core\Errors\CoreError.ts
FN:12,(anonymous_0)
FNF:1
FNH:0
FNDA:0,(anonymous_0)
DA:11,1
DA:13,0
DA:14,0
LF:3
LH:1
BRDA:12,0,0,0
BRF:1
BRH:0
end_of_record
TN:
SF:src\Core\Errors\LogicalError.ts
FN:12,(anonymous_0)
FNF:1
FNH:0
FNDA:0,(anonymous_0)
DA:11,1
DA:13,0
DA:14,0
LF:3
LH:1
BRF:0
BRH:0
end_of_record
TN:
SF:src\Core\Errors\MissingParameterError.ts
FN:14,(anonymous_0)
FNF:1
FNH:0
FNDA:0,(anonymous_0)
DA:11,1
DA:13,1
DA:15,0
LF:3
LH:2
BRF:0
BRH:0
end_of_record
TN:
SF:src\Core\Errors\NonNullError.ts
FN:14,(anonymous_0)
FNF:1
FNH:0
FNDA:0,(anonymous_0)
DA:11,1
DA:13,1
DA:15,0
DA:16,0
LF:4
LH:2
BRDA:14,0,0,0
BRF:1
BRH:0
end_of_record
TN:
SF:src\Core\Errors\index.ts
FNF:0
FNH:0
DA:11,1
DA:12,1
DA:13,1
DA:14,1
LF:4
LH:4
BRF:0
BRH:0
end_of_record
TN:
SF:src\Core\Symbol\UniqueSymbol.ts
FN:18,(anonymous_0)
FN:22,(anonymous_1)
FN:26,(anonymous_2)
FNF:3
FNH:0
FNDA:0,(anonymous_0)
FNDA:0,(anonymous_1)
FNDA:0,(anonymous_2)
DA:11,0
DA:14,0
DA:19,0
DA:23,0
DA:27,0
LF:5
LH:0
BRDA:18,0,0,0
BRDA:19,1,0,0
BRDA:19,1,1,0
BRDA:19,2,0,0
BRDA:19,2,1,0
BRF:5
BRH:0
end_of_record
TN:
SF:src\Core\Symbol\index.ts
FNF:0
FNH:0
DA:11,0
LF:1
LH:0
BRF:0
BRH:0
end_of_record
TN:
SF:src\Core\Utils\Arr.ts
FN:13,(anonymous_0)
FN:17,(anonymous_1)
FN:28,(anonymous_2)
FNF:3
FNH:0
FNDA:0,(anonymous_0)
FNDA:0,(anonymous_1)
FNDA:0,(anonymous_2)
DA:12,1
DA:14,0
DA:18,0
DA:19,0
DA:20,0
DA:21,0
DA:23,0
DA:25,0
DA:29,0
LF:9
LH:1
BRDA:14,0,0,0
BRDA:14,0,1,0
BRDA:20,1,0,0
BRF:3
BRH:0
end_of_record
TN:
SF:src\Core\Utils\Utils.ts
FN:16,(anonymous_0)
FN:24,(anonymous_1)
FN:30,(anonymous_2)
FN:34,(anonymous_3)
FN:39,(anonymous_4)
FNF:5
FNH:4
FNDA:7,(anonymous_0)
FNDA:16,(anonymous_1)
FNDA:0,(anonymous_2)
FNDA:16,(anonymous_3)
FNDA:15,(anonymous_4)
DA:11,1
DA:15,1
DA:17,7
DA:18,0
DA:21,7
DA:25,16
DA:31,0
DA:35,16
DA:40,15
LF:9
LH:7
BRDA:16,0,0,0
BRDA:17,1,0,0
BRDA:17,2,0,7
BRDA:17,2,1,7
BRDA:18,3,0,0
BRDA:18,3,1,0
BRDA:18,4,0,0
BRDA:18,4,1,0
BRDA:25,5,0,16
BRDA:25,5,1,16
BRDA:25,5,2,16
BRDA:35,6,0,16
BRDA:35,6,1,16
BRDA:40,7,0,0
BRDA:40,7,1,15
BRF:15
BRH:8
end_of_record
TN:
SF:src\Core\Utils\index.ts
FNF:0
FNH:0
DA:11,1
DA:12,1
LF:2
LH:2
BRF:0
BRH:0
end_of_record
